2012/07/09 20:38:07 [error] [exception.CDbException] exception 'CDbException' with message 'CDbConnection failed to open the DB connection: SQLSTATE[42000] [1049] Unknown database 'tareas'' in C:\wamp\www\yii\framework\db\CDbConnection.php:382
Stack trace:
#0 C:\wamp\www\yii\framework\db\CDbConnection.php(331): CDbConnection->open()
#1 C:\wamp\www\yii\framework\db\CDbConnection.php(309): CDbConnection->setActive(true)
#2 C:\wamp\www\yii\framework\base\CModule.php(388): CDbConnection->init()
#3 C:\wamp\www\yii\framework\base\CApplication.php(431): CModule->getComponent('db')
#4 C:\wamp\www\yii\framework\db\ar\CActiveRecord.php(615): CApplication->getDb()
#5 C:\wamp\www\yii\framework\db\ar\CActiveRecord.php(2263): CActiveRecord->getDbConnection()
#6 C:\wamp\www\yii\framework\db\ar\CActiveRecord.php(379): CActiveRecordMetaData->__construct(Object(Tareas))
#7 C:\wamp\www\miaplicacion1\protected\models\Tareas.php(5): CActiveRecord::model('Tareas')
#8 C:\wamp\www\miaplicacion1\protected\controllers\TareaController.php(7): Tareas::model()
#9 C:\wamp\www\yii\framework\web\actions\CInlineAction.php(50): TareaController->actionIndex()
#10 C:\wamp\www\yii\framework\web\CController.php(309): CInlineAction->runWithParams(Array)
#11 C:\wamp\www\yii\framework\web\CController.php(287): CController->runAction(Object(CInlineAction))
#12 C:\wamp\www\yii\framework\web\CController.php(266): CController->runActionWithFilters(Object(CInlineAction), Array)
#13 C:\wamp\www\yii\framework\web\CWebApplication.php(276): CController->run('')
#14 C:\wamp\www\yii\framework\web\CWebApplication.php(135): CWebApplication->runController('tarea')
#15 C:\wamp\www\yii\framework\base\CApplication.php(162): CWebApplication->processRequest()
#16 C:\wamp\www\miaplicacion1\index.php(13): CApplication->run()
#17 {main}
REQUEST_URI=/miaplicacion1/tarea
---
2012/07/09 20:38:45 [error] [php] Undefined variable: tareas (C:\wamp\www\miaplicacion1\protected\controllers\TareaController.php:8)
Stack trace:
#0 C:\wamp\www\yii\framework\web\CController.php(287): TareaController->runAction()
#1 C:\wamp\www\yii\framework\web\CController.php(266): TareaController->runActionWithFilters()
#2 C:\wamp\www\yii\framework\web\CWebApplication.php(276): TareaController->run()
#3 C:\wamp\www\yii\framework\web\CWebApplication.php(135): CWebApplication->runController()
#4 C:\wamp\www\yii\framework\base\CApplication.php(162): CWebApplication->processRequest()
#5 C:\wamp\www\miaplicacion1\index.php(13): CWebApplication->run()
REQUEST_URI=/miaplicacion1/tarea
in C:\wamp\www\miaplicacion1\protected\controllers\TareaController.php (8)
in C:\wamp\www\miaplicacion1\index.php (13)
2012/07/09 20:52:57 [error] [exception.CHttpException.404] exception 'CHttpException' with message 'The system is unable to find the requested action "view".' in C:\wamp\www\yii\framework\web\CController.php:484
Stack trace:
#0 C:\wamp\www\yii\framework\web\CController.php(271): CController->missingAction('view')
#1 C:\wamp\www\yii\framework\web\CWebApplication.php(276): CController->run('view')
#2 C:\wamp\www\yii\framework\web\CWebApplication.php(135): CWebApplication->runController('tarea/view')
#3 C:\wamp\www\yii\framework\base\CApplication.php(162): CWebApplication->processRequest()
#4 C:\wamp\www\miaplicacion1\index.php(13): CApplication->run()
#5 {main}
REQUEST_URI=/miaplicacion1/tarea/2.php
HTTP_REFERER=http://localhost/miaplicacion1/tarea
---
2012/07/09 21:02:22 [error] [exception.CHttpException.404] exception 'CHttpException' with message 'The system is unable to find the requested action "view".' in C:\wamp\www\yii\framework\web\CController.php:484
Stack trace:
#0 C:\wamp\www\yii\framework\web\CController.php(271): CController->missingAction('view')
#1 C:\wamp\www\yii\framework\web\CWebApplication.php(276): CController->run('view')
#2 C:\wamp\www\yii\framework\web\CWebApplication.php(135): CWebApplication->runController('tarea/view')
#3 C:\wamp\www\yii\framework\base\CApplication.php(162): CWebApplication->processRequest()
#4 C:\wamp\www\miaplicacion1\index.php(13): CApplication->run()
#5 {main}
REQUEST_URI=/miaplicacion1/tarea/1.php
HTTP_REFERER=http://localhost/miaplicacion1/tarea
---
2012/07/09 21:02:44 [error] [exception.CHttpException.404] exception 'CHttpException' with message 'The system is unable to find the requested action "view".' in C:\wamp\www\yii\framework\web\CController.php:484
Stack trace:
#0 C:\wamp\www\yii\framework\web\CController.php(271): CController->missingAction('view')
#1 C:\wamp\www\yii\framework\web\CWebApplication.php(276): CController->run('view')
#2 C:\wamp\www\yii\framework\web\CWebApplication.php(135): CWebApplication->runController('tarea/view')
#3 C:\wamp\www\yii\framework\base\CApplication.php(162): CWebApplication->processRequest()
#4 C:\wamp\www\miaplicacion1\index.php(13): CApplication->run()
#5 {main}
REQUEST_URI=/miaplicacion1/tarea/1.php
HTTP_REFERER=http://localhost/miaplicacion1/tarea
---
2012/07/09 21:04:45 [error] [exception.CHttpException.404] exception 'CHttpException' with message 'The system is unable to find the requested action "view".' in C:\wamp\www\yii\framework\web\CController.php:484
Stack trace:
#0 C:\wamp\www\yii\framework\web\CController.php(271): CController->missingAction('view')
#1 C:\wamp\www\yii\framework\web\CWebApplication.php(276): CController->run('view')
#2 C:\wamp\www\yii\framework\web\CWebApplication.php(135): CWebApplication->runController('tarea/view')
#3 C:\wamp\www\yii\framework\base\CApplication.php(162): CWebApplication->processRequest()
#4 C:\wamp\www\miaplicacion1\index.php(13): CApplication->run()
#5 {main}
REQUEST_URI=/miaplicacion1/tarea/1.php
---
2012/07/09 21:04:47 [error] [exception.CHttpException.404] exception 'CHttpException' with message 'The system is unable to find the requested action "view".' in C:\wamp\www\yii\framework\web\CController.php:484
Stack trace:
#0 C:\wamp\www\yii\framework\web\CController.php(271): CController->missingAction('view')
#1 C:\wamp\www\yii\framework\web\CWebApplication.php(276): CController->run('view')
#2 C:\wamp\www\yii\framework\web\CWebApplication.php(135): CWebApplication->runController('tarea/view')
#3 C:\wamp\www\yii\framework\base\CApplication.php(162): CWebApplication->processRequest()
#4 C:\wamp\www\miaplicacion1\index.php(13): CApplication->run()
#5 {main}
REQUEST_URI=/miaplicacion1/tarea/1.php
---
2012/07/09 21:04:47 [error] [exception.CHttpException.404] exception 'CHttpException' with message 'The system is unable to find the requested action "view".' in C:\wamp\www\yii\framework\web\CController.php:484
Stack trace:
#0 C:\wamp\www\yii\framework\web\CController.php(271): CController->missingAction('view')
#1 C:\wamp\www\yii\framework\web\CWebApplication.php(276): CController->run('view')
#2 C:\wamp\www\yii\framework\web\CWebApplication.php(135): CWebApplication->runController('tarea/view')
#3 C:\wamp\www\yii\framework\base\CApplication.php(162): CWebApplication->processRequest()
#4 C:\wamp\www\miaplicacion1\index.php(13): CApplication->run()
#5 {main}
REQUEST_URI=/miaplicacion1/tarea/1.php
---
2012/07/09 21:04:48 [error] [exception.CHttpException.404] exception 'CHttpException' with message 'The system is unable to find the requested action "view".' in C:\wamp\www\yii\framework\web\CController.php:484
Stack trace:
#0 C:\wamp\www\yii\framework\web\CController.php(271): CController->missingAction('view')
#1 C:\wamp\www\yii\framework\web\CWebApplication.php(276): CController->run('view')
#2 C:\wamp\www\yii\framework\web\CWebApplication.php(135): CWebApplication->runController('tarea/view')
#3 C:\wamp\www\yii\framework\base\CApplication.php(162): CWebApplication->processRequest()
#4 C:\wamp\www\miaplicacion1\index.php(13): CApplication->run()
#5 {main}
REQUEST_URI=/miaplicacion1/tarea/1.php
---
2012/07/09 21:04:48 [error] [exception.CHttpException.404] exception 'CHttpException' with message 'The system is unable to find the requested action "view".' in C:\wamp\www\yii\framework\web\CController.php:484
Stack trace:
#0 C:\wamp\www\yii\framework\web\CController.php(271): CController->missingAction('view')
#1 C:\wamp\www\yii\framework\web\CWebApplication.php(276): CController->run('view')
#2 C:\wamp\www\yii\framework\web\CWebApplication.php(135): CWebApplication->runController('tarea/view')
#3 C:\wamp\www\yii\framework\base\CApplication.php(162): CWebApplication->processRequest()
#4 C:\wamp\www\miaplicacion1\index.php(13): CApplication->run()
#5 {main}
REQUEST_URI=/miaplicacion1/tarea/1.php
---
2012/07/09 21:04:48 [error] [exception.CHttpException.404] exception 'CHttpException' with message 'The system is unable to find the requested action "view".' in C:\wamp\www\yii\framework\web\CController.php:484
Stack trace:
#0 C:\wamp\www\yii\framework\web\CController.php(271): CController->missingAction('view')
#1 C:\wamp\www\yii\framework\web\CWebApplication.php(276): CController->run('view')
#2 C:\wamp\www\yii\framework\web\CWebApplication.php(135): CWebApplication->runController('tarea/view')
#3 C:\wamp\www\yii\framework\base\CApplication.php(162): CWebApplication->processRequest()
#4 C:\wamp\www\miaplicacion1\index.php(13): CApplication->run()
#5 {main}
REQUEST_URI=/miaplicacion1/tarea/1.php
---
2012/07/09 21:04:48 [error] [exception.CHttpException.404] exception 'CHttpException' with message 'The system is unable to find the requested action "view".' in C:\wamp\www\yii\framework\web\CController.php:484
Stack trace:
#0 C:\wamp\www\yii\framework\web\CController.php(271): CController->missingAction('view')
#1 C:\wamp\www\yii\framework\web\CWebApplication.php(276): CController->run('view')
#2 C:\wamp\www\yii\framework\web\CWebApplication.php(135): CWebApplication->runController('tarea/view')
#3 C:\wamp\www\yii\framework\base\CApplication.php(162): CWebApplication->processRequest()
#4 C:\wamp\www\miaplicacion1\index.php(13): CApplication->run()
#5 {main}
REQUEST_URI=/miaplicacion1/tarea/1.php
---
2012/07/09 21:05:04 [error] [exception.CHttpException.404] exception 'CHttpException' with message 'The system is unable to find the requested action "view".' in C:\wamp\www\yii\framework\web\CController.php:484
Stack trace:
#0 C:\wamp\www\yii\framework\web\CController.php(271): CController->missingAction('view')
#1 C:\wamp\www\yii\framework\web\CWebApplication.php(276): CController->run('view')
#2 C:\wamp\www\yii\framework\web\CWebApplication.php(135): CWebApplication->runController('tarea/view')
#3 C:\wamp\www\yii\framework\base\CApplication.php(162): CWebApplication->processRequest()
#4 C:\wamp\www\miaplicacion1\index.php(13): CApplication->run()
#5 {main}
REQUEST_URI=/miaplicacion1/tarea/2.php
HTTP_REFERER=http://localhost/miaplicacion1/tarea
---
2012/08/31 14:55:20 [error] [exception.CHttpException.404] exception 'CHttpException' with message 'Unable to resolve the request "tareas".' in C:\wamp\www\yii\framework\web\CWebApplication.php:280
Stack trace:
#0 C:\wamp\www\yii\framework\web\CWebApplication.php(135): CWebApplication->runController('tareas')
#1 C:\wamp\www\yii\framework\base\CApplication.php(162): CWebApplication->processRequest()
#2 C:\wamp\www\miaplicacion1\index.php(13): CApplication->run()
#3 {main}
REQUEST_URI=/miaplicacion1/tareas/
---
2012/08/31 16:57:43 [error] [php] strpos() expects parameter 1 to be string, array given (C:\wamp\www\yii\framework\web\CController.php:707)
Stack trace:
#0 C:\wamp\www\yii\framework\web\CController.php(868): TareaController->getViewFile()
#1 C:\wamp\www\yii\framework\web\CController.php(783): TareaController->renderPartial()
#2 C:\wamp\www\miaplicacion1\protected\controllers\TareaController.php(39): TareaController->render()
#3 unknown(0): TareaController->actionEdit()
#4 C:\wamp\www\yii\framework\web\actions\CAction.php(107): ReflectionMethod->invokeArgs()
#5 C:\wamp\www\yii\framework\web\actions\CInlineAction.php(48): CInlineAction->runWithParamsInternal()
#6 C:\wamp\www\yii\framework\web\CController.php(309): CInlineAction->runWithParams()
#7 C:\wamp\www\yii\framework\web\CController.php(287): TareaController->runAction()
#8 C:\wamp\www\yii\framework\web\CController.php(266): TareaController->runActionWithFilters()
#9 C:\wamp\www\yii\framework\web\CWebApplication.php(276): TareaController->run()
#10 C:\wamp\www\yii\framework\web\CWebApplication.php(135): CWebApplication->runController()
#11 C:\wamp\www\yii\framework\base\CApplication.php(162): CWebApplication->processRequest()
#12 C:\wamp\www\miaplicacion1\index.php(13): CWebApplication->run()
REQUEST_URI=/miaplicacion1/tarea/edit/1.php
in C:\wamp\www\miaplicacion1\protected\controllers\TareaController.php (39)
in C:\wamp\www\miaplicacion1\index.php (13)
2012/08/31 16:59:20 [error] [php] strpos() expects parameter 1 to be string, array given (C:\wamp\www\yii\framework\web\CController.php:707)
Stack trace:
#0 C:\wamp\www\yii\framework\web\CController.php(868): TareaController->getViewFile()
#1 C:\wamp\www\yii\framework\web\CController.php(783): TareaController->renderPartial()
#2 C:\wamp\www\miaplicacion1\protected\controllers\TareaController.php(39): TareaController->render()
#3 unknown(0): TareaController->actionEdit()
#4 C:\wamp\www\yii\framework\web\actions\CAction.php(107): ReflectionMethod->invokeArgs()
#5 C:\wamp\www\yii\framework\web\actions\CInlineAction.php(48): CInlineAction->runWithParamsInternal()
#6 C:\wamp\www\yii\framework\web\CController.php(309): CInlineAction->runWithParams()
#7 C:\wamp\www\yii\framework\web\CController.php(287): TareaController->runAction()
#8 C:\wamp\www\yii\framework\web\CController.php(266): TareaController->runActionWithFilters()
#9 C:\wamp\www\yii\framework\web\CWebApplication.php(276): TareaController->run()
#10 C:\wamp\www\yii\framework\web\CWebApplication.php(135): CWebApplication->runController()
#11 C:\wamp\www\yii\framework\base\CApplication.php(162): CWebApplication->processRequest()
#12 C:\wamp\www\miaplicacion1\index.php(13): CWebApplication->run()
REQUEST_URI=/miaplicacion1/tarea/edit/1.php
in C:\wamp\www\miaplicacion1\protected\controllers\TareaController.php (39)
in C:\wamp\www\miaplicacion1\index.php (13)
2012/08/31 16:59:27 [error] [exception.CHttpException.400] exception 'CHttpException' with message 'Your request is invalid.' in C:\wamp\www\yii\framework\web\CController.php:337
Stack trace:
#0 C:\wamp\www\yii\framework\web\CController.php(310): CController->invalidActionParams(Object(CInlineAction))
#1 C:\wamp\www\yii\framework\web\CController.php(287): CController->runAction(Object(CInlineAction))
#2 C:\wamp\www\yii\framework\web\CController.php(266): CController->runActionWithFilters(Object(CInlineAction), Array)
#3 C:\wamp\www\yii\framework\web\CWebApplication.php(276): CController->run('edit')
#4 C:\wamp\www\yii\framework\web\CWebApplication.php(135): CWebApplication->runController('tarea/edit')
#5 C:\wamp\www\yii\framework\base\CApplication.php(162): CWebApplication->processRequest()
#6 C:\wamp\www\miaplicacion1\index.php(13): CApplication->run()
#7 {main}
REQUEST_URI=/miaplicacion1/tarea/edit/
---
2012/08/31 16:59:37 [error] [php] strpos() expects parameter 1 to be string, array given (C:\wamp\www\yii\framework\web\CController.php:707)
Stack trace:
#0 C:\wamp\www\yii\framework\web\CController.php(868): TareaController->getViewFile()
#1 C:\wamp\www\yii\framework\web\CController.php(783): TareaController->renderPartial()
#2 C:\wamp\www\miaplicacion1\protected\controllers\TareaController.php(39): TareaController->render()
#3 unknown(0): TareaController->actionEdit()
#4 C:\wamp\www\yii\framework\web\actions\CAction.php(107): ReflectionMethod->invokeArgs()
#5 C:\wamp\www\yii\framework\web\actions\CInlineAction.php(48): CInlineAction->runWithParamsInternal()
#6 C:\wamp\www\yii\framework\web\CController.php(309): CInlineAction->runWithParams()
#7 C:\wamp\www\yii\framework\web\CController.php(287): TareaController->runAction()
#8 C:\wamp\www\yii\framework\web\CController.php(266): TareaController->runActionWithFilters()
#9 C:\wamp\www\yii\framework\web\CWebApplication.php(276): TareaController->run()
#10 C:\wamp\www\yii\framework\web\CWebApplication.php(135): CWebApplication->runController()
#11 C:\wamp\www\yii\framework\base\CApplication.php(162): CWebApplication->processRequest()
#12 C:\wamp\www\miaplicacion1\index.php(13): CWebApplication->run()
REQUEST_URI=/miaplicacion1/tarea/edit/1.php
in C:\wamp\www\miaplicacion1\protected\controllers\TareaController.php (39)
in C:\wamp\www\miaplicacion1\index.php (13)
2012/08/31 17:00:38 [warning] [application] Failed to set unsafe attribute "nombre" of "Tareas".
in C:\wamp\www\miaplicacion1\protected\controllers\TareaController.php (26)
in C:\wamp\www\miaplicacion1\index.php (13)
2012/08/31 17:00:38 [warning] [application] Failed to set unsafe attribute "descripcion" of "Tareas".
in C:\wamp\www\miaplicacion1\protected\controllers\TareaController.php (26)
in C:\wamp\www\miaplicacion1\index.php (13)
2012/08/31 18:40:42 [error] [php] include(descripcion.php) [<a href='function.include'>function.include</a>]: failed to open stream: No such file or directory (C:\wamp\www\yii\framework\YiiBase.php:418)
Stack trace:
#0 C:\wamp\www\yii\framework\validators\CValidator.php(171): import()
#1 C:\wamp\www\yii\framework\base\CModel.php(285): createValidator()
#2 C:\wamp\www\yii\framework\base\CModel.php(259): Tareas->createValidators()
#3 C:\wamp\www\yii\framework\base\CModel.php(302): Tareas->getValidators()
#4 C:\wamp\www\yii\framework\web\helpers\CHtml.php(1185): Tareas->isAttributeRequired()
#5 C:\wamp\www\yii\framework\web\widgets\CActiveForm.php(560): activeLabelEx()
#6 C:\wamp\www\miaplicacion1\protected\views\tarea\edit.php(7): CActiveForm->labelEx()
#7 C:\wamp\www\yii\framework\web\CBaseController.php(127): require()
#8 C:\wamp\www\yii\framework\web\CBaseController.php(96): TareaController->renderInternal()
#9 C:\wamp\www\yii\framework\web\CController.php(870): TareaController->renderFile()
#10 C:\wamp\www\yii\framework\web\CController.php(783): TareaController->renderPartial()
#11 C:\wamp\www\miaplicacion1\protected\controllers\TareaController.php(39): TareaController->render()
#12 unknown(0): TareaController->actionEdit()
#13 C:\wamp\www\yii\framework\web\actions\CAction.php(107): ReflectionMethod->invokeArgs()
#14 C:\wamp\www\yii\framework\web\actions\CInlineAction.php(48): CInlineAction->runWithParamsInternal()
#15 C:\wamp\www\yii\framework\web\CController.php(309): CInlineAction->runWithParams()
#16 C:\wamp\www\yii\framework\web\CController.php(287): TareaController->runAction()
#17 C:\wamp\www\yii\framework\web\CController.php(266): TareaController->runActionWithFilters()
#18 C:\wamp\www\yii\framework\web\CWebApplication.php(276): TareaController->run()
#19 C:\wamp\www\yii\framework\web\CWebApplication.php(135): CWebApplication->runController()
#20 C:\wamp\www\yii\framework\base\CApplication.php(162): CWebApplication->processRequest()
#21 C:\wamp\www\miaplicacion1\index.php(13): CWebApplication->run()
REQUEST_URI=/miaplicacion1/tarea/edit/1.php
in C:\wamp\www\miaplicacion1\protected\views\tarea\edit.php (7)
in C:\wamp\www\miaplicacion1\protected\controllers\TareaController.php (39)
in C:\wamp\www\miaplicacion1\index.php (13)
